
*** Running vivado
    with args -log stuff_or_data_top.vdi -applog -m64 -product Vivado -messageDb vivado.pb -mode batch -source stuff_or_data_top.tcl -notrace


****** Vivado v2019.1 (64-bit)
  **** SW Build 2552052 on Fri May 24 14:49:42 MDT 2019
  **** IP Build 2548770 on Fri May 24 18:01:18 MDT 2019
    ** Copyright 1986-2019 Xilinx, Inc. All Rights Reserved.

source stuff_or_data_top.tcl -notrace
Command: link_design -top stuff_or_data_top -part xc7a200tffg1156-2
Design is defaulting to srcset: sources_1
Design is defaulting to constrset: constrs_1
INFO: [Device 21-403] Loading part xc7a200tffg1156-2
INFO: [Netlist 29-17] Analyzing 26 Unisim elements for replacement
INFO: [Netlist 29-28] Unisim Transformation completed in 0 CPU seconds
INFO: [Project 1-479] Netlist was created with Vivado 2019.1
INFO: [Project 1-570] Preparing netlist for logic optimization
Parsing XDC File [H:/Parman/DorS/src/xdc/constraint.xdc]
Finished Parsing XDC File [H:/Parman/DorS/src/xdc/constraint.xdc]
INFO: [Opt 31-138] Pushed 0 inverter(s) to 0 load pin(s).
Netlist sorting complete. Time (s): cpu = 00:00:00 ; elapsed = 00:00:00 . Memory (MB): peak = 806.094 ; gain = 0.000
INFO: [Project 1-111] Unisim Transformation Summary:
No Unisim elements were transformed.

7 Infos, 0 Warnings, 0 Critical Warnings and 0 Errors encountered.
link_design completed successfully
link_design: Time (s): cpu = 00:00:12 ; elapsed = 00:00:15 . Memory (MB): peak = 810.086 ; gain = 450.461
Command: opt_design
Attempting to get a license for feature 'Implementation' and/or device 'xc7a200t'
INFO: [Common 17-349] Got license for feature 'Implementation' and/or device 'xc7a200t'
Running DRC as a precondition to command opt_design

Starting DRC Task
INFO: [DRC 23-27] Running DRC with 2 threads
INFO: [Project 1-461] DRC finished with 0 Errors
INFO: [Project 1-462] Please refer to the DRC report (report_drc) for more information.

Time (s): cpu = 00:00:02 ; elapsed = 00:00:00.903 . Memory (MB): peak = 830.062 ; gain = 19.977

Starting Cache Timing Information Task
INFO: [Timing 38-35] Done setting XDC timing constraints.
Ending Cache Timing Information Task | Checksum: e8bac3b3

Time (s): cpu = 00:00:12 ; elapsed = 00:00:13 . Memory (MB): peak = 1415.539 ; gain = 585.477

Starting Logic Optimization Task

Phase 1 Retarget
INFO: [Opt 31-138] Pushed 0 inverter(s) to 0 load pin(s).
INFO: [Opt 31-49] Retargeted 0 cell(s).
Phase 1 Retarget | Checksum: e8bac3b3

Time (s): cpu = 00:00:00 ; elapsed = 00:00:00.027 . Memory (MB): peak = 1559.188 ; gain = 0.000
INFO: [Opt 31-389] Phase Retarget created 0 cells and removed 0 cells

Phase 2 Constant propagation
INFO: [Opt 31-138] Pushed 0 inverter(s) to 0 load pin(s).
Phase 2 Constant propagation | Checksum: c7bdb15f

Time (s): cpu = 00:00:00 ; elapsed = 00:00:00.034 . Memory (MB): peak = 1559.188 ; gain = 0.000
INFO: [Opt 31-389] Phase Constant propagation created 0 cells and removed 0 cells

Phase 3 Sweep
Phase 3 Sweep | Checksum: 18cee4931

Time (s): cpu = 00:00:00 ; elapsed = 00:00:00.046 . Memory (MB): peak = 1559.188 ; gain = 0.000
INFO: [Opt 31-389] Phase Sweep created 0 cells and removed 0 cells

Phase 4 BUFG optimization
Phase 4 BUFG optimization | Checksum: 18cee4931

Time (s): cpu = 00:00:00 ; elapsed = 00:00:00.056 . Memory (MB): peak = 1559.188 ; gain = 0.000
INFO: [Opt 31-662] Phase BUFG optimization created 0 cells of which 0 are BUFGs and removed 0 cells.

Phase 5 Shift Register Optimization
INFO: [Opt 31-1064] SRL Remap converted 0 SRLs to 0 registers and converted 0 registers of register chains to 0 SRLs
Phase 5 Shift Register Optimization | Checksum: 18cee4931

Time (s): cpu = 00:00:00 ; elapsed = 00:00:00.064 . Memory (MB): peak = 1559.188 ; gain = 0.000
INFO: [Opt 31-389] Phase Shift Register Optimization created 0 cells and removed 0 cells

Phase 6 Post Processing Netlist
Phase 6 Post Processing Netlist | Checksum: 18cee4931

Time (s): cpu = 00:00:00 ; elapsed = 00:00:00.068 . Memory (MB): peak = 1559.188 ; gain = 0.000
INFO: [Opt 31-389] Phase Post Processing Netlist created 0 cells and removed 0 cells
Opt_design Change Summary
=========================


-------------------------------------------------------------------------------------------------------------------------
|  Phase                        |  #Cells created  |  #Cells Removed  |  #Constrained objects preventing optimizations  |
-------------------------------------------------------------------------------------------------------------------------
|  Retarget                     |               0  |               0  |                                              0  |
|  Constant propagation         |               0  |               0  |                                              0  |
|  Sweep                        |               0  |               0  |                                              0  |
|  BUFG optimization            |               0  |               0  |                                              0  |
|  Shift Register Optimization  |               0  |               0  |                                              0  |
|  Post Processing Netlist      |               0  |               0  |                                              0  |
-------------------------------------------------------------------------------------------------------------------------



Starting Connectivity Check Task

Time (s): cpu = 00:00:00 ; elapsed = 00:00:00.001 . Memory (MB): peak = 1559.188 ; gain = 0.000
Ending Logic Optimization Task | Checksum: 154316555

Time (s): cpu = 00:00:01 ; elapsed = 00:00:00.096 . Memory (MB): peak = 1559.188 ; gain = 0.000

Starting Power Optimization Task
INFO: [Pwropt 34-132] Skipping clock gating for clocks with a period < 2.00 ns.
Ending Power Optimization Task | Checksum: 154316555

Time (s): cpu = 00:00:00 ; elapsed = 00:00:00.011 . Memory (MB): peak = 1559.188 ; gain = 0.000

Starting Final Cleanup Task
Ending Final Cleanup Task | Checksum: 154316555

Time (s): cpu = 00:00:00 ; elapsed = 00:00:00.001 . Memory (MB): peak = 1559.188 ; gain = 0.000

Starting Netlist Obfuscation Task
Netlist sorting complete. Time (s): cpu = 00:00:00 ; elapsed = 00:00:00 . Memory (MB): peak = 1559.188 ; gain = 0.000
Ending Netlist Obfuscation Task | Checksum: 154316555

Time (s): cpu = 00:00:00 ; elapsed = 00:00:00.001 . Memory (MB): peak = 1559.188 ; gain = 0.000
INFO: [Common 17-83] Releasing license: Implementation
24 Infos, 0 Warnings, 0 Critical Warnings and 0 Errors encountered.
opt_design completed successfully
opt_design: Time (s): cpu = 00:00:17 ; elapsed = 00:00:16 . Memory (MB): peak = 1559.188 ; gain = 749.102
Netlist sorting complete. Time (s): cpu = 00:00:00 ; elapsed = 00:00:00 . Memory (MB): peak = 1559.188 ; gain = 0.000
INFO: [Timing 38-480] Writing timing data to binary archive.
Writing placer database...
Writing XDEF routing.
Writing XDEF routing logical nets.
Writing XDEF routing special nets.
Write XDEF Complete: Time (s): cpu = 00:00:00 ; elapsed = 00:00:00.172 . Memory (MB): peak = 1559.188 ; gain = 0.000
INFO: [Common 17-1381] The checkpoint 'H:/Parman/DorS/prj/DorS.runs/impl_1/stuff_or_data_top_opt.dcp' has been generated.
INFO: [runtcl-4] Executing : report_drc -file stuff_or_data_top_drc_opted.rpt -pb stuff_or_data_top_drc_opted.pb -rpx stuff_or_data_top_drc_opted.rpx
Command: report_drc -file stuff_or_data_top_drc_opted.rpt -pb stuff_or_data_top_drc_opted.pb -rpx stuff_or_data_top_drc_opted.rpx
INFO: [IP_Flow 19-234] Refreshing IP repositories
INFO: [IP_Flow 19-1704] No user IP repositories specified
INFO: [IP_Flow 19-2313] Loaded Vivado IP repository 'D:/Xilinx/Vivado/2019.1/data/ip'.
INFO: [DRC 23-27] Running DRC with 2 threads
INFO: [Coretcl 2-168] The results of DRC are in file H:/Parman/DorS/prj/DorS.runs/impl_1/stuff_or_data_top_drc_opted.rpt.
report_drc completed successfully
Command: place_design
Attempting to get a license for feature 'Implementation' and/or device 'xc7a200t'
INFO: [Common 17-349] Got license for feature 'Implementation' and/or device 'xc7a200t'
INFO: [DRC 23-27] Running DRC with 2 threads
INFO: [Vivado_Tcl 4-198] DRC finished with 0 Errors
INFO: [Vivado_Tcl 4-199] Please refer to the DRC report (report_drc) for more information.
Running DRC as a precondition to command place_design
INFO: [DRC 23-27] Running DRC with 2 threads
INFO: [Vivado_Tcl 4-198] DRC finished with 0 Errors
INFO: [Vivado_Tcl 4-199] Please refer to the DRC report (report_drc) for more information.

Starting Placer Task
INFO: [Place 30-611] Multithreading enabled for place_design using a maximum of 2 CPUs

Phase 1 Placer Initialization

Phase 1.1 Placer Initialization Netlist Sorting
Netlist sorting complete. Time (s): cpu = 00:00:00 ; elapsed = 00:00:00 . Memory (MB): peak = 1559.188 ; gain = 0.000
Phase 1.1 Placer Initialization Netlist Sorting | Checksum: a73da4e3

Time (s): cpu = 00:00:00 ; elapsed = 00:00:00.007 . Memory (MB): peak = 1559.188 ; gain = 0.000
Netlist sorting complete. Time (s): cpu = 00:00:00 ; elapsed = 00:00:00 . Memory (MB): peak = 1559.188 ; gain = 0.000

Phase 1.2 IO Placement/ Clock Placement/ Build Placer Device
INFO: [Timing 38-35] Done setting XDC timing constraints.
Phase 1.2 IO Placement/ Clock Placement/ Build Placer Device | Checksum: 19c485d30

Time (s): cpu = 00:00:03 ; elapsed = 00:00:02 . Memory (MB): peak = 1559.188 ; gain = 0.000

Phase 1.3 Build Placer Netlist Model
Phase 1.3 Build Placer Netlist Model | Checksum: 208b027ba

Time (s): cpu = 00:00:03 ; elapsed = 00:00:02 . Memory (MB): peak = 1559.188 ; gain = 0.000

Phase 1.4 Constrain Clocks/Macros
Phase 1.4 Constrain Clocks/Macros | Checksum: 208b027ba

Time (s): cpu = 00:00:03 ; elapsed = 00:00:02 . Memory (MB): peak = 1559.188 ; gain = 0.000
Phase 1 Placer Initialization | Checksum: 208b027ba

Time (s): cpu = 00:00:03 ; elapsed = 00:00:02 . Memory (MB): peak = 1559.188 ; gain = 0.000

Phase 2 Global Placement

Phase 2.1 Floorplanning
Phase 2.1 Floorplanning | Checksum: 2889eb8bd

Time (s): cpu = 00:00:04 ; elapsed = 00:00:02 . Memory (MB): peak = 1559.188 ; gain = 0.000

Phase 2.2 Global Placement Core

Phase 2.2.1 Physical Synthesis In Placer
INFO: [Physopt 32-65] No nets found for high-fanout optimization.
INFO: [Physopt 32-232] Optimized 0 net. Created 0 new instance.
INFO: [Physopt 32-775] End 1 Pass. Optimized 0 net or cell. Created 0 new cell, deleted 0 existing cell and moved 0 existing cell
INFO: [Physopt 32-456] No candidate cells for DSP register optimization found in the design.
INFO: [Physopt 32-775] End 2 Pass. Optimized 0 net or cell. Created 0 new cell, deleted 0 existing cell and moved 0 existing cell
INFO: [Physopt 32-677] No candidate cells for Shift Register optimization found in the design
INFO: [Physopt 32-775] End 1 Pass. Optimized 0 net or cell. Created 0 new cell, deleted 0 existing cell and moved 0 existing cell
INFO: [Physopt 32-526] No candidate cells for BRAM register optimization found in the design
INFO: [Physopt 32-775] End 1 Pass. Optimized 0 net or cell. Created 0 new cell, deleted 0 existing cell and moved 0 existing cell
INFO: [Physopt 32-949] No candidate nets found for HD net replication
INFO: [Physopt 32-775] End 1 Pass. Optimized 0 net or cell. Created 0 new cell, deleted 0 existing cell and moved 0 existing cell
Netlist sorting complete. Time (s): cpu = 00:00:00 ; elapsed = 00:00:00.001 . Memory (MB): peak = 1559.188 ; gain = 0.000

Summary of Physical Synthesis Optimizations
============================================


----------------------------------------------------------------------------------------------------------------------------------------
|  Optimization                  |  Added Cells  |  Removed Cells  |  Optimized Cells/Nets  |  Dont Touch  |  Iterations  |  Elapsed   |
----------------------------------------------------------------------------------------------------------------------------------------
|  Very High Fanout              |            0  |              0  |                     0  |           0  |           1  |  00:00:00  |
|  DSP Register                  |            0  |              0  |                     0  |           0  |           1  |  00:00:00  |
|  Shift Register                |            0  |              0  |                     0  |           0  |           1  |  00:00:00  |
|  BRAM Register                 |            0  |              0  |                     0  |           0  |           1  |  00:00:00  |
|  HD Interface Net Replication  |            0  |              0  |                     0  |           0  |           1  |  00:00:00  |
|  Total                         |            0  |              0  |                     0  |           0  |           5  |  00:00:00  |
----------------------------------------------------------------------------------------------------------------------------------------


Phase 2.2.1 Physical Synthesis In Placer | Checksum: 21df70f66

Time (s): cpu = 00:00:15 ; elapsed = 00:00:08 . Memory (MB): peak = 1559.188 ; gain = 0.000
Phase 2.2 Global Placement Core | Checksum: 275d5f6a7

Time (s): cpu = 00:00:15 ; elapsed = 00:00:08 . Memory (MB): peak = 1559.188 ; gain = 0.000
Phase 2 Global Placement | Checksum: 275d5f6a7

Time (s): cpu = 00:00:15 ; elapsed = 00:00:08 . Memory (MB): peak = 1559.188 ; gain = 0.000

Phase 3 Detail Placement

Phase 3.1 Commit Multi Column Macros
Phase 3.1 Commit Multi Column Macros | Checksum: 22d63e0cc

Time (s): cpu = 00:00:16 ; elapsed = 00:00:08 . Memory (MB): peak = 1559.188 ; gain = 0.000

Phase 3.2 Commit Most Macros & LUTRAMs
Phase 3.2 Commit Most Macros & LUTRAMs | Checksum: 1d78b553c

Time (s): cpu = 00:00:16 ; elapsed = 00:00:08 . Memory (MB): peak = 1559.188 ; gain = 0.000

Phase 3.3 Area Swap Optimization
Phase 3.3 Area Swap Optimization | Checksum: 1983b8145

Time (s): cpu = 00:00:16 ; elapsed = 00:00:08 . Memory (MB): peak = 1559.188 ; gain = 0.000

Phase 3.4 Pipeline Register Optimization
Phase 3.4 Pipeline Register Optimization | Checksum: 1983b8145

Time (s): cpu = 00:00:16 ; elapsed = 00:00:08 . Memory (MB): peak = 1559.188 ; gain = 0.000

Phase 3.5 Fast Optimization
Phase 3.5 Fast Optimization | Checksum: 1e379c41f

Time (s): cpu = 00:00:16 ; elapsed = 00:00:09 . Memory (MB): peak = 1559.188 ; gain = 0.000

Phase 3.6 Small Shape Detail Placement
Phase 3.6 Small Shape Detail Placement | Checksum: 20a1a51f8

Time (s): cpu = 00:00:17 ; elapsed = 00:00:10 . Memory (MB): peak = 1559.188 ; gain = 0.000

Phase 3.7 Re-assign LUT pins
Phase 3.7 Re-assign LUT pins | Checksum: 1504b3cfc

Time (s): cpu = 00:00:18 ; elapsed = 00:00:10 . Memory (MB): peak = 1559.188 ; gain = 0.000

Phase 3.8 Pipeline Register Optimization
Phase 3.8 Pipeline Register Optimization | Checksum: 1504b3cfc

Time (s): cpu = 00:00:18 ; elapsed = 00:00:10 . Memory (MB): peak = 1559.188 ; gain = 0.000

Phase 3.9 Fast Optimization
Phase 3.9 Fast Optimization | Checksum: 1dbe52355

Time (s): cpu = 00:00:18 ; elapsed = 00:00:11 . Memory (MB): peak = 1559.188 ; gain = 0.000
Phase 3 Detail Placement | Checksum: 1dbe52355

Time (s): cpu = 00:00:18 ; elapsed = 00:00:11 . Memory (MB): peak = 1559.188 ; gain = 0.000

Phase 4 Post Placement Optimization and Clean-Up

Phase 4.1 Post Commit Optimization
INFO: [Timing 38-35] Done setting XDC timing constraints.

Phase 4.1.1 Post Placement Optimization
Post Placement Optimization Initialization | Checksum: 2aed74c58

Phase 4.1.1.1 BUFG Insertion
INFO: [Place 46-56] BUFG insertion identified 0 candidate nets. Inserted BUFG: 0, Replicated BUFG Driver: 0, Skipped due to Placement/Routing Conflicts: 0, Skipped due to Timing Degradation: 0, Skipped due to Illegal Netlist: 0.
Phase 4.1.1.1 BUFG Insertion | Checksum: 2aed74c58

Time (s): cpu = 00:00:18 ; elapsed = 00:00:11 . Memory (MB): peak = 1584.090 ; gain = 24.902
INFO: [Place 30-746] Post Placement Timing Summary WNS=0.253. For the most accurate timing information please run report_timing.
Phase 4.1.1 Post Placement Optimization | Checksum: 1514f84b4

Time (s): cpu = 00:00:34 ; elapsed = 00:00:26 . Memory (MB): peak = 1584.090 ; gain = 24.902
Phase 4.1 Post Commit Optimization | Checksum: 1514f84b4

Time (s): cpu = 00:00:34 ; elapsed = 00:00:26 . Memory (MB): peak = 1584.090 ; gain = 24.902

Phase 4.2 Post Placement Cleanup
Phase 4.2 Post Placement Cleanup | Checksum: 1514f84b4

Time (s): cpu = 00:00:34 ; elapsed = 00:00:26 . Memory (MB): peak = 1584.090 ; gain = 24.902

Phase 4.3 Placer Reporting
Phase 4.3 Placer Reporting | Checksum: 1514f84b4

Time (s): cpu = 00:00:34 ; elapsed = 00:00:26 . Memory (MB): peak = 1584.090 ; gain = 24.902

Phase 4.4 Final Placement Cleanup
Netlist sorting complete. Time (s): cpu = 00:00:00 ; elapsed = 00:00:00 . Memory (MB): peak = 1584.090 ; gain = 0.000
Phase 4.4 Final Placement Cleanup | Checksum: 1022dfd8c

Time (s): cpu = 00:00:34 ; elapsed = 00:00:26 . Memory (MB): peak = 1584.090 ; gain = 24.902
Phase 4 Post Placement Optimization and Clean-Up | Checksum: 1022dfd8c

Time (s): cpu = 00:00:34 ; elapsed = 00:00:26 . Memory (MB): peak = 1584.090 ; gain = 24.902
Ending Placer Task | Checksum: d865846d

Time (s): cpu = 00:00:34 ; elapsed = 00:00:26 . Memory (MB): peak = 1584.090 ; gain = 24.902
INFO: [Common 17-83] Releasing license: Implementation
56 Infos, 0 Warnings, 0 Critical Warnings and 0 Errors encountered.
place_design completed successfully
place_design: Time (s): cpu = 00:00:35 ; elapsed = 00:00:27 . Memory (MB): peak = 1584.090 ; gain = 24.902
Netlist sorting complete. Time (s): cpu = 00:00:00 ; elapsed = 00:00:00 . Memory (MB): peak = 1584.090 ; gain = 0.000
INFO: [Timing 38-480] Writing timing data to binary archive.
Writing placer database...
Writing XDEF routing.
Writing XDEF routing logical nets.
Writing XDEF routing special nets.
Write XDEF Complete: Time (s): cpu = 00:00:00 ; elapsed = 00:00:00.144 . Memory (MB): peak = 1584.090 ; gain = 0.000
INFO: [Common 17-1381] The checkpoint 'H:/Parman/DorS/prj/DorS.runs/impl_1/stuff_or_data_top_placed.dcp' has been generated.
INFO: [runtcl-4] Executing : report_io -file stuff_or_data_top_io_placed.rpt
report_io: Time (s): cpu = 00:00:00 ; elapsed = 00:00:00.181 . Memory (MB): peak = 1584.090 ; gain = 0.000
INFO: [runtcl-4] Executing : report_utilization -file stuff_or_data_top_utilization_placed.rpt -pb stuff_or_data_top_utilization_placed.pb
INFO: [runtcl-4] Executing : report_control_sets -verbose -file stuff_or_data_top_control_sets_placed.rpt
report_control_sets: Time (s): cpu = 00:00:00 ; elapsed = 00:00:00.028 . Memory (MB): peak = 1584.090 ; gain = 0.000
Command: route_design
Attempting to get a license for feature 'Implementation' and/or device 'xc7a200t'
INFO: [Common 17-349] Got license for feature 'Implementation' and/or device 'xc7a200t'
Running DRC as a precondition to command route_design
INFO: [DRC 23-27] Running DRC with 2 threads
INFO: [Vivado_Tcl 4-198] DRC finished with 0 Errors
INFO: [Vivado_Tcl 4-199] Please refer to the DRC report (report_drc) for more information.


Starting Routing Task
INFO: [Route 35-254] Multithreading enabled for route_design using a maximum of 2 CPUs
Checksum: PlaceDB: 5efb200c ConstDB: 0 ShapeSum: 796a6461 RouteDB: 0

Phase 1 Build RT Design
Phase 1 Build RT Design | Checksum: c8778224

Time (s): cpu = 00:01:43 ; elapsed = 00:01:30 . Memory (MB): peak = 1782.734 ; gain = 185.379
Post Restoration Checksum: NetGraph: b6fc020a NumContArr: 117b801a Constraints: 0 Timing: 0

Phase 2 Router Initialization

Phase 2.1 Create Timer
Phase 2.1 Create Timer | Checksum: c8778224

Time (s): cpu = 00:01:43 ; elapsed = 00:01:30 . Memory (MB): peak = 1812.672 ; gain = 215.316

Phase 2.2 Fix Topology Constraints
Phase 2.2 Fix Topology Constraints | Checksum: c8778224

Time (s): cpu = 00:01:43 ; elapsed = 00:01:30 . Memory (MB): peak = 1822.227 ; gain = 224.871

Phase 2.3 Pre Route Cleanup
Phase 2.3 Pre Route Cleanup | Checksum: c8778224

Time (s): cpu = 00:01:43 ; elapsed = 00:01:30 . Memory (MB): peak = 1822.227 ; gain = 224.871
 Number of Nodes with overlaps = 0

Phase 2.4 Update Timing
Phase 2.4 Update Timing | Checksum: 2e38b6f0d

Time (s): cpu = 00:01:43 ; elapsed = 00:01:31 . Memory (MB): peak = 1875.672 ; gain = 278.316
INFO: [Route 35-416] Intermediate Timing Summary | WNS=0.113  | TNS=0.000  | WHS=-0.130 | THS=-4.243 |

Phase 2 Router Initialization | Checksum: 26ef13c22

Time (s): cpu = 00:01:43 ; elapsed = 00:01:31 . Memory (MB): peak = 1875.672 ; gain = 278.316

Router Utilization Summary
  Global Vertical Routing Utilization    = 0 %
  Global Horizontal Routing Utilization  = 0 %
  Routable Net Status*
  *Does not include unroutable nets such as driverless and loadless.
  Run report_route_status for detailed report.
  Number of Failed Nets               = 198
    (Failed Nets is the sum of unrouted and partially routed nets)
  Number of Unrouted Nets             = 198
  Number of Partially Routed Nets     = 0
  Number of Node Overlaps             = 0


Phase 3 Initial Routing
Phase 3 Initial Routing | Checksum: 28c9e94f3

Time (s): cpu = 00:01:45 ; elapsed = 00:01:31 . Memory (MB): peak = 1875.672 ; gain = 278.316
INFO: [Route 35-580] Design has 8 pins with tight setup and hold constraints.

The top 5 pins with tight setup and hold constraints:

+--------------------------+--------------------------+----------------------------------------------------------------------------------------------------------+
|       Launch Clock       |      Capture Clock       |                                                 Pin                                                      |
+--------------------------+--------------------------+----------------------------------------------------------------------------------------------------------+
|              sys_clk_pin |              sys_clk_pin |                                                                                              uut/ds_reg/D|
|              sys_clk_pin |              sys_clk_pin |                                                                         uut/FSM_sequential_state_reg[2]/D|
|              sys_clk_pin |              sys_clk_pin |                                                                         uut/FSM_sequential_state_reg[1]/D|
|              sys_clk_pin |              sys_clk_pin |                                                                                     uut/x1_s3_pm_reg[5]/D|
|              sys_clk_pin |              sys_clk_pin |                                                                                     uut/x1_s4_pm_reg[7]/D|
+--------------------------+--------------------------+----------------------------------------------------------------------------------------------------------+

File with complete list of pins: tight_setup_hold_pins.txt


Phase 4 Rip-up And Reroute

Phase 4.1 Global Iteration 0
 Number of Nodes with overlaps = 58
 Number of Nodes with overlaps = 23
 Number of Nodes with overlaps = 15
 Number of Nodes with overlaps = 10
 Number of Nodes with overlaps = 8
 Number of Nodes with overlaps = 3
 Number of Nodes with overlaps = 0
INFO: [Route 35-416] Intermediate Timing Summary | WNS=-0.035 | TNS=-0.035 | WHS=N/A    | THS=N/A    |

Phase 4.1 Global Iteration 0 | Checksum: 253cbd33f

Time (s): cpu = 00:01:46 ; elapsed = 00:01:32 . Memory (MB): peak = 1875.672 ; gain = 278.316

Phase 4.2 Global Iteration 1
 Number of Nodes with overlaps = 2
 Number of Nodes with overlaps = 2
 Number of Nodes with overlaps = 1
 Number of Nodes with overlaps = 1
 Number of Nodes with overlaps = 1
 Number of Nodes with overlaps = 0
INFO: [Route 35-416] Intermediate Timing Summary | WNS=-0.032 | TNS=-0.032 | WHS=N/A    | THS=N/A    |

Phase 4.2 Global Iteration 1 | Checksum: 1dbc46c63

Time (s): cpu = 00:01:46 ; elapsed = 00:01:33 . Memory (MB): peak = 1875.672 ; gain = 278.316
Phase 4 Rip-up And Reroute | Checksum: 1dbc46c63

Time (s): cpu = 00:01:46 ; elapsed = 00:01:33 . Memory (MB): peak = 1875.672 ; gain = 278.316

Phase 5 Delay and Skew Optimization

Phase 5.1 Delay CleanUp

Phase 5.1.1 Update Timing
Phase 5.1.1 Update Timing | Checksum: 275c40e5f

Time (s): cpu = 00:01:46 ; elapsed = 00:01:33 . Memory (MB): peak = 1875.672 ; gain = 278.316
INFO: [Route 35-416] Intermediate Timing Summary | WNS=0.049  | TNS=0.000  | WHS=N/A    | THS=N/A    |

Phase 5.1 Delay CleanUp | Checksum: 275c40e5f

Time (s): cpu = 00:01:46 ; elapsed = 00:01:33 . Memory (MB): peak = 1875.672 ; gain = 278.316

Phase 5.2 Clock Skew Optimization
Phase 5.2 Clock Skew Optimization | Checksum: 275c40e5f

Time (s): cpu = 00:01:46 ; elapsed = 00:01:33 . Memory (MB): peak = 1875.672 ; gain = 278.316
Phase 5 Delay and Skew Optimization | Checksum: 275c40e5f

Time (s): cpu = 00:01:46 ; elapsed = 00:01:33 . Memory (MB): peak = 1875.672 ; gain = 278.316

Phase 6 Post Hold Fix

Phase 6.1 Hold Fix Iter

Phase 6.1.1 Update Timing
Phase 6.1.1 Update Timing | Checksum: 20770249b

Time (s): cpu = 00:01:46 ; elapsed = 00:01:33 . Memory (MB): peak = 1875.672 ; gain = 278.316
INFO: [Route 35-416] Intermediate Timing Summary | WNS=0.049  | TNS=0.000  | WHS=0.139  | THS=0.000  |

Phase 6.1 Hold Fix Iter | Checksum: 20770249b

Time (s): cpu = 00:01:46 ; elapsed = 00:01:33 . Memory (MB): peak = 1875.672 ; gain = 278.316
Phase 6 Post Hold Fix | Checksum: 20770249b

Time (s): cpu = 00:01:46 ; elapsed = 00:01:33 . Memory (MB): peak = 1875.672 ; gain = 278.316

Phase 7 Route finalize

Router Utilization Summary
  Global Vertical Routing Utilization    = 0.0189493 %
  Global Horizontal Routing Utilization  = 0.0199273 %
  Routable Net Status*
  *Does not include unroutable nets such as driverless and loadless.
  Run report_route_status for detailed report.
  Number of Failed Nets               = 0
    (Failed Nets is the sum of unrouted and partially routed nets)
  Number of Unrouted Nets             = 0
  Number of Partially Routed Nets     = 0
  Number of Node Overlaps             = 0

Phase 7 Route finalize | Checksum: 213040a52

Time (s): cpu = 00:01:46 ; elapsed = 00:01:33 . Memory (MB): peak = 1875.672 ; gain = 278.316

Phase 8 Verifying routed nets

 Verification completed successfully
Phase 8 Verifying routed nets | Checksum: 213040a52

Time (s): cpu = 00:01:46 ; elapsed = 00:01:33 . Memory (MB): peak = 1875.672 ; gain = 278.316

Phase 9 Depositing Routes
Phase 9 Depositing Routes | Checksum: 1c94ce621

Time (s): cpu = 00:01:46 ; elapsed = 00:01:33 . Memory (MB): peak = 1875.672 ; gain = 278.316

Phase 10 Post Router Timing
INFO: [Route 35-57] Estimated Timing Summary | WNS=0.049  | TNS=0.000  | WHS=0.139  | THS=0.000  |

INFO: [Route 35-327] The final timing numbers are based on the router estimated timing analysis. For a complete and accurate timing signoff, please run report_timing_summary.
Phase 10 Post Router Timing | Checksum: 1c94ce621

Time (s): cpu = 00:01:46 ; elapsed = 00:01:33 . Memory (MB): peak = 1875.672 ; gain = 278.316
INFO: [Route 35-16] Router Completed Successfully

Time (s): cpu = 00:01:46 ; elapsed = 00:01:33 . Memory (MB): peak = 1875.672 ; gain = 278.316

Routing Is Done.
INFO: [Common 17-83] Releasing license: Implementation
76 Infos, 0 Warnings, 0 Critical Warnings and 0 Errors encountered.
route_design completed successfully
route_design: Time (s): cpu = 00:01:49 ; elapsed = 00:01:34 . Memory (MB): peak = 1875.672 ; gain = 291.582
Netlist sorting complete. Time (s): cpu = 00:00:00 ; elapsed = 00:00:00 . Memory (MB): peak = 1875.672 ; gain = 0.000
INFO: [Timing 38-480] Writing timing data to binary archive.
Writing placer database...
Writing XDEF routing.
Writing XDEF routing logical nets.
Writing XDEF routing special nets.
Write XDEF Complete: Time (s): cpu = 00:00:01 ; elapsed = 00:00:00.144 . Memory (MB): peak = 1875.672 ; gain = 0.000
INFO: [Common 17-1381] The checkpoint 'H:/Parman/DorS/prj/DorS.runs/impl_1/stuff_or_data_top_routed.dcp' has been generated.
INFO: [runtcl-4] Executing : report_drc -file stuff_or_data_top_drc_routed.rpt -pb stuff_or_data_top_drc_routed.pb -rpx stuff_or_data_top_drc_routed.rpx
Command: report_drc -file stuff_or_data_top_drc_routed.rpt -pb stuff_or_data_top_drc_routed.pb -rpx stuff_or_data_top_drc_routed.rpx
INFO: [IP_Flow 19-1839] IP Catalog is up to date.
INFO: [DRC 23-27] Running DRC with 2 threads
INFO: [Coretcl 2-168] The results of DRC are in file H:/Parman/DorS/prj/DorS.runs/impl_1/stuff_or_data_top_drc_routed.rpt.
report_drc completed successfully
INFO: [runtcl-4] Executing : report_methodology -file stuff_or_data_top_methodology_drc_routed.rpt -pb stuff_or_data_top_methodology_drc_routed.pb -rpx stuff_or_data_top_methodology_drc_routed.rpx
Command: report_methodology -file stuff_or_data_top_methodology_drc_routed.rpt -pb stuff_or_data_top_methodology_drc_routed.pb -rpx stuff_or_data_top_methodology_drc_routed.rpx
INFO: [Timing 38-35] Done setting XDC timing constraints.
INFO: [DRC 23-133] Running Methodology with 2 threads
INFO: [Coretcl 2-1520] The results of Report Methodology are in file H:/Parman/DorS/prj/DorS.runs/impl_1/stuff_or_data_top_methodology_drc_routed.rpt.
report_methodology completed successfully
INFO: [runtcl-4] Executing : report_power -file stuff_or_data_top_power_routed.rpt -pb stuff_or_data_top_power_summary_routed.pb -rpx stuff_or_data_top_power_routed.rpx
Command: report_power -file stuff_or_data_top_power_routed.rpt -pb stuff_or_data_top_power_summary_routed.pb -rpx stuff_or_data_top_power_routed.rpx
INFO: [Timing 38-35] Done setting XDC timing constraints.
Running Vector-less Activity Propagation...

Finished Running Vector-less Activity Propagation
88 Infos, 0 Warnings, 0 Critical Warnings and 0 Errors encountered.
report_power completed successfully
INFO: [runtcl-4] Executing : report_route_status -file stuff_or_data_top_route_status.rpt -pb stuff_or_data_top_route_status.pb
INFO: [runtcl-4] Executing : report_timing_summary -max_paths 10 -file stuff_or_data_top_timing_summary_routed.rpt -pb stuff_or_data_top_timing_summary_routed.pb -rpx stuff_or_data_top_timing_summary_routed.rpx -warn_on_violation 
INFO: [Timing 38-91] UpdateTimingParams: Speed grade: -2, Delay Type: min_max.
INFO: [Timing 38-191] Multithreading enabled for timing update using a maximum of 2 CPUs
INFO: [runtcl-4] Executing : report_incremental_reuse -file stuff_or_data_top_incremental_reuse_routed.rpt
INFO: [Vivado_Tcl 4-1062] Incremental flow is disabled. No incremental reuse Info to report.
INFO: [runtcl-4] Executing : report_clock_utilization -file stuff_or_data_top_clock_utilization_routed.rpt
INFO: [runtcl-4] Executing : report_bus_skew -warn_on_violation -file stuff_or_data_top_bus_skew_routed.rpt -pb stuff_or_data_top_bus_skew_routed.pb -rpx stuff_or_data_top_bus_skew_routed.rpx
INFO: [Timing 38-91] UpdateTimingParams: Speed grade: -2, Delay Type: min_max.
INFO: [Timing 38-191] Multithreading enabled for timing update using a maximum of 2 CPUs
INFO: [Common 17-206] Exiting Vivado at Fri Aug 26 20:33:47 2022...
